Using pre-set license
Built from '2021.3/staging' branch; Version is '2021.3.8f1 (b30333d56e81) revision 11731763'; Using compiler version '192829333'; Build Type 'Release'
OS: 'Windows 11  (10.0.22000) 64bit Core' Language: 'en' Physical Memory: 15776 MB
BatchMode: 1, IsHumanControllingUs: 0, StartBugReporterOnCrash: 0, Is64bit: 1, IsPro: 1

COMMAND LINE ARGUMENTS:
C:\Program Files\Unity\Hub\Editor\2021.3.8f1\Editor\Unity.exe
-adb2
-batchMode
-noUpm
-name
AssetImportWorker0
-projectPath
C:/Users/mundu/ArDemo/EnvironmentalImpactVisulizer/EnviromentalDemo
-logFile
Logs/AssetImportWorker0.log
-srvPort
62245
Successfully changed project path to: C:/Users/mundu/ArDemo/EnvironmentalImpactVisulizer/EnviromentalDemo
C:/Users/mundu/ArDemo/EnvironmentalImpactVisulizer/EnviromentalDemo
[UnityMemory] Configuration Parameters - Can be set up in boot.config
    "memorysetup-bucket-allocator-granularity=16"
    "memorysetup-bucket-allocator-bucket-count=8"
    "memorysetup-bucket-allocator-block-size=33554432"
    "memorysetup-bucket-allocator-block-count=8"
    "memorysetup-main-allocator-block-size=16777216"
    "memorysetup-thread-allocator-block-size=16777216"
    "memorysetup-gfx-main-allocator-block-size=16777216"
    "memorysetup-gfx-thread-allocator-block-size=16777216"
    "memorysetup-cache-allocator-block-size=4194304"
    "memorysetup-typetree-allocator-block-size=2097152"
    "memorysetup-profiler-bucket-allocator-granularity=16"
    "memorysetup-profiler-bucket-allocator-bucket-count=8"
    "memorysetup-profiler-bucket-allocator-block-size=33554432"
    "memorysetup-profiler-bucket-allocator-block-count=8"
    "memorysetup-profiler-allocator-block-size=16777216"
    "memorysetup-profiler-editor-allocator-block-size=1048576"
    "memorysetup-temp-allocator-size-main=16777216"
    "memorysetup-job-temp-allocator-block-size=2097152"
    "memorysetup-job-temp-allocator-block-size-background=1048576"
    "memorysetup-job-temp-allocator-reduction-small-platforms=262144"
    "memorysetup-temp-allocator-size-background-worker=32768"
    "memorysetup-temp-allocator-size-job-worker=262144"
    "memorysetup-temp-allocator-size-preload-manager=33554432"
    "memorysetup-temp-allocator-size-nav-mesh-worker=65536"
    "memorysetup-temp-allocator-size-audio-worker=65536"
    "memorysetup-temp-allocator-size-cloud-worker=32768"
    "memorysetup-temp-allocator-size-gi-baking-worker=262144"
    "memorysetup-temp-allocator-size-gfx=262144"
Refreshing native plugins compatible for Editor in 117.75 ms, found 9 plugins.
Preloading 0 native plugins for Editor in 0.00 ms.
Initialize engine version: 2021.3.8f1 (b30333d56e81)
[Subsystems] Discovering subsystems at path C:/Program Files/Unity/Hub/Editor/2021.3.8f1/Editor/Data/Resources/UnitySubsystems
[Subsystems] Discovering subsystems at path C:/Users/mundu/ArDemo/EnvironmentalImpactVisulizer/EnviromentalDemo/Assets
GfxDevice: creating device client; threaded=0; jobified=0
Direct3D:
    Version:  Direct3D 11.0 [level 11.1]
    Renderer: NVIDIA GeForce RTX 3050 Ti Laptop GPU (ID=0x25a0)
    Vendor:   NVIDIA
    VRAM:     3990 MB
    Driver:   30.0.15.1278
Initialize mono
Mono path[0] = 'C:/Program Files/Unity/Hub/Editor/2021.3.8f1/Editor/Data/Managed'
Mono path[1] = 'C:/Program Files/Unity/Hub/Editor/2021.3.8f1/Editor/Data/MonoBleedingEdge/lib/mono/unityjit-win32'
Mono config path = 'C:/Program Files/Unity/Hub/Editor/2021.3.8f1/Editor/Data/MonoBleedingEdge/etc'
Using monoOptions --debugger-agent=transport=dt_socket,embedding=1,server=y,suspend=n,address=127.0.0.1:56988
Begin MonoManager ReloadAssembly
Registering precompiled unity dll's ...
Register platform support module: C:/Program Files/Unity/Hub/Editor/2021.3.8f1/Editor/Data/PlaybackEngines/AndroidPlayer/UnityEditor.Android.Extensions.dll
Register platform support module: C:/Program Files/Unity/Hub/Editor/2021.3.8f1/Editor/Data/PlaybackEngines/WindowsStandaloneSupport/UnityEditor.WindowsStandalone.Extensions.dll
Registered in 0.006383 seconds.
Native extension for WindowsStandalone target not found
Native extension for Android target not found
Refreshing native plugins compatible for Editor in 100.20 ms, found 9 plugins.
Preloading 0 native plugins for Editor in 0.00 ms.
Mono: successfully reloaded assembly
- Completed reload, in  0.655 seconds
Domain Reload Profiling:
	ReloadAssembly (655ms)
		BeginReloadAssembly (69ms)
			ExecutionOrderSort (0ms)
			DisableScriptedObjects (0ms)
			BackupInstance (0ms)
			ReleaseScriptingObjects (0ms)
			CreateAndSetChildDomain (1ms)
		EndReloadAssembly (475ms)
			LoadAssemblies (67ms)
			RebuildTransferFunctionScriptingTraits (0ms)
			SetupTypeCache (99ms)
			ReleaseScriptCaches (0ms)
			RebuildScriptCaches (25ms)
			SetupLoadedEditorAssemblies (300ms)
				LogAssemblyErrors (0ms)
				InitializePlatformSupportModulesInManaged (43ms)
				SetLoadedEditorAssemblies (0ms)
				RefreshPlugins (100ms)
				BeforeProcessingInitializeOnLoad (1ms)
				ProcessInitializeOnLoadAttributes (112ms)
				ProcessInitializeOnLoadMethodAttributes (43ms)
				AfterProcessingInitializeOnLoad (0ms)
				EditorAssembliesLoaded (0ms)
			ExecutionOrderSort2 (0ms)
			AwakeInstancesAfterBackupRestoration (0ms)
Platform modules already initialized, skipping
Registering precompiled user dll's ...
Registered in 0.010016 seconds.
Begin MonoManager ReloadAssembly
Symbol file LoadedFromMemory doesn't match image C:\Users\mundu\ArDemo\EnvironmentalImpactVisulizer\EnviromentalDemo\Library\PackageCache\com.unity.visualscripting@1.7.8\Editor\VisualScripting.Core\Dependencies\DotNetZip\Unity.VisualScripting.IonicZip.dll
Symbol file LoadedFromMemory doesn't match image C:\Users\mundu\ArDemo\EnvironmentalImpactVisulizer\EnviromentalDemo\Library\PackageCache\com.unity.visualscripting@1.7.8\Editor\VisualScripting.Core\Dependencies\YamlDotNet\Unity.VisualScripting.YamlDotNet.dll
Native extension for WindowsStandalone target not found
Native extension for Android target not found
Refreshing native plugins compatible for Editor in 139.29 ms, found 9 plugins.
Preloading 0 native plugins for Editor in 0.00 ms.
Package Manager log level set to [2]
Mono: successfully reloaded assembly
- Completed reload, in  1.358 seconds
Domain Reload Profiling:
	ReloadAssembly (1359ms)
		BeginReloadAssembly (103ms)
			ExecutionOrderSort (0ms)
			DisableScriptedObjects (6ms)
			BackupInstance (0ms)
			ReleaseScriptingObjects (0ms)
			CreateAndSetChildDomain (21ms)
		EndReloadAssembly (1143ms)
			LoadAssemblies (83ms)
			RebuildTransferFunctionScriptingTraits (0ms)
			SetupTypeCache (270ms)
			ReleaseScriptCaches (1ms)
			RebuildScriptCaches (84ms)
			SetupLoadedEditorAssemblies (636ms)
				LogAssemblyErrors (0ms)
				InitializePlatformSupportModulesInManaged (23ms)
				SetLoadedEditorAssemblies (0ms)
				RefreshPlugins (139ms)
				BeforeProcessingInitializeOnLoad (140ms)
				ProcessInitializeOnLoadAttributes (299ms)
				ProcessInitializeOnLoadMethodAttributes (28ms)
				AfterProcessingInitializeOnLoad (7ms)
				EditorAssembliesLoaded (0ms)
			ExecutionOrderSort2 (0ms)
			AwakeInstancesAfterBackupRestoration (5ms)
Platform modules already initialized, skipping
========================================================================
Worker process is ready to serve import requests
Launched and connected shader compiler UnityShaderCompiler.exe after 0.07 seconds
Refreshing native plugins compatible for Editor in 1.08 ms, found 9 plugins.
Preloading 0 native plugins for Editor in 0.00 ms.
Unloading 4539 Unused Serialized files (Serialized files now loaded: 0)
Unloading 51 unused Assets / (159.5 KB). Loaded Objects now: 4980.
Memory consumption went from 155.0 MB to 154.8 MB.
Total: 3.833400 ms (FindLiveObjects: 0.377400 ms CreateObjectMapping: 0.167900 ms MarkObjects: 3.148500 ms  DeleteObjects: 0.138800 ms)

AssetImportParameters requested are different than current active one (requested -> active):
  custom:video-decoder-ogg-theora: a1e56fd34408186e4bbccfd4996cb3dc -> 
  custom:container-muxer-webm: aa71ff27fc2769a1b78a27578f13a17b -> 
  custom:container-demuxer-webm: 4f35f7cbe854078d1ac9338744f61a02 -> 
  custom:video-encoder-webm-vp8: eb34c28f22e8b96e1ab97ce403110664 -> 
  custom:video-codec-MediaFoundation-h265: 746d11721c4dcdbdad8f713fa42b33f4 -> 
  custom:audio-encoder-webm-vorbis: bf7c407c2cedff20999df2af8eb42d56 -> 
  custom:framework-win-MediaFoundation: 216162199b28c13a410421893ffa2e32 -> 
  custom:container-demuxer-ogg: 62fdf1f143b41e24485cea50d1cbac27 -> 
  custom:video-decoder-webm-vp8: 9c59270c3fd7afecdb556c50c9e8de78 -> 
  custom:audio-decoder-ogg-vorbis: bf7c407c2cedff20999df2af8eb42d56 -> 
========================================================================
Received Prepare
Registering precompiled user dll's ...
Registered in 0.010665 seconds.
Begin MonoManager ReloadAssembly
Symbol file LoadedFromMemory doesn't match image C:\Users\mundu\ArDemo\EnvironmentalImpactVisulizer\EnviromentalDemo\Library\PackageCache\com.unity.visualscripting@1.7.8\Editor\VisualScripting.Core\Dependencies\DotNetZip\Unity.VisualScripting.IonicZip.dll
Symbol file LoadedFromMemory doesn't match image C:\Users\mundu\ArDemo\EnvironmentalImpactVisulizer\EnviromentalDemo\Library\PackageCache\com.unity.visualscripting@1.7.8\Editor\VisualScripting.Core\Dependencies\YamlDotNet\Unity.VisualScripting.YamlDotNet.dll
Native extension for WindowsStandalone target not found
Native extension for Android target not found
Refreshing native plugins compatible for Editor in 1.09 ms, found 9 plugins.
Preloading 0 native plugins for Editor in 0.00 ms.
Mono: successfully reloaded assembly
- Completed reload, in  1.110 seconds
Domain Reload Profiling:
	ReloadAssembly (1111ms)
		BeginReloadAssembly (137ms)
			ExecutionOrderSort (0ms)
			DisableScriptedObjects (5ms)
			BackupInstance (0ms)
			ReleaseScriptingObjects (0ms)
			CreateAndSetChildDomain (48ms)
		EndReloadAssembly (873ms)
			LoadAssemblies (84ms)
			RebuildTransferFunctionScriptingTraits (0ms)
			SetupTypeCache (276ms)
			ReleaseScriptCaches (1ms)
			RebuildScriptCaches (41ms)
			SetupLoadedEditorAssemblies (417ms)
				LogAssemblyErrors (0ms)
				InitializePlatformSupportModulesInManaged (21ms)
				SetLoadedEditorAssemblies (0ms)
				RefreshPlugins (1ms)
				BeforeProcessingInitializeOnLoad (91ms)
				ProcessInitializeOnLoadAttributes (267ms)
				ProcessInitializeOnLoadMethodAttributes (29ms)
				AfterProcessingInitializeOnLoad (7ms)
				EditorAssembliesLoaded (0ms)
			ExecutionOrderSort2 (0ms)
			AwakeInstancesAfterBackupRestoration (5ms)
Platform modules already initialized, skipping
Refreshing native plugins compatible for Editor in 4.99 ms, found 9 plugins.
Preloading 0 native plugins for Editor in 0.00 ms.
Unloading 4523 Unused Serialized files (Serialized files now loaded: 0)
Unloading 41 unused Assets / (126.9 KB). Loaded Objects now: 4988.
Memory consumption went from 154.6 MB to 154.5 MB.
Total: 3.865500 ms (FindLiveObjects: 0.302800 ms CreateObjectMapping: 0.244800 ms MarkObjects: 3.193300 ms  DeleteObjects: 0.123600 ms)

AssetImportParameters requested are different than current active one (requested -> active):
  custom:video-decoder-ogg-theora: a1e56fd34408186e4bbccfd4996cb3dc -> 
  custom:container-muxer-webm: aa71ff27fc2769a1b78a27578f13a17b -> 
  custom:container-demuxer-webm: 4f35f7cbe854078d1ac9338744f61a02 -> 
  custom:video-encoder-webm-vp8: eb34c28f22e8b96e1ab97ce403110664 -> 
  custom:video-codec-MediaFoundation-h265: 746d11721c4dcdbdad8f713fa42b33f4 -> 
  custom:audio-encoder-webm-vorbis: bf7c407c2cedff20999df2af8eb42d56 -> 
  custom:framework-win-MediaFoundation: 216162199b28c13a410421893ffa2e32 -> 
  custom:container-demuxer-ogg: 62fdf1f143b41e24485cea50d1cbac27 -> 
  custom:video-decoder-webm-vp8: 9c59270c3fd7afecdb556c50c9e8de78 -> 
  custom:audio-decoder-ogg-vorbis: bf7c407c2cedff20999df2af8eb42d56 -> 
========================================================================
Received Import Request.
  Time since last request: 77827.648696 seconds.
  path: Assets/Mess Maker Free
  artifactKey: Guid(a5b98844718a55c4ca6af73f53dfa05d) Importer(815301076,1909f56bfc062723c751e8b465ee728b)
Start importing Assets/Mess Maker Free using Guid(a5b98844718a55c4ca6af73f53dfa05d) Importer(815301076,1909f56bfc062723c751e8b465ee728b)  -> (artifact id: 'd19d7db927f7e868c4e1ff5b4542a486') in 0.013483 seconds 
========================================================================
Received Import Request.
  Time since last request: 0.336951 seconds.
  path: Assets/Plugins
  artifactKey: Guid(a3397ca59aa2845d9b6915a23e597665) Importer(815301076,1909f56bfc062723c751e8b465ee728b)
Start importing Assets/Plugins using Guid(a3397ca59aa2845d9b6915a23e597665) Importer(815301076,1909f56bfc062723c751e8b465ee728b)  -> (artifact id: '2bca85a78a6452f9b56bfaa3bc4c15f3') in 0.006153 seconds 
========================================================================
Received Import Request.
  Time since last request: 3.389244 seconds.
  path: Assets/Mess Maker Free/Scenes
  artifactKey: Guid(0076d62d873a96c4787218ffc7d91233) Importer(815301076,1909f56bfc062723c751e8b465ee728b)
Start importing Assets/Mess Maker Free/Scenes using Guid(0076d62d873a96c4787218ffc7d91233) Importer(815301076,1909f56bfc062723c751e8b465ee728b)  -> (artifact id: 'e2d8f3fe3f3f42ba2bb07ecc1d53156c') in 0.006010 seconds 
========================================================================
Received Import Request.
  Time since last request: 0.370034 seconds.
  path: Assets/Mess Maker Free/Sample Scene Assets
  artifactKey: Guid(aaf6d279b5f3c00459bdc4f6b326b69f) Importer(815301076,1909f56bfc062723c751e8b465ee728b)
Start importing Assets/Mess Maker Free/Sample Scene Assets using Guid(aaf6d279b5f3c00459bdc4f6b326b69f) Importer(815301076,1909f56bfc062723c751e8b465ee728b)  -> (artifact id: '751040f16ec15d69372675589418b2e0') in 0.005887 seconds 
========================================================================
Received Import Request.
  Time since last request: 1.117464 seconds.
  path: Assets/Mess Maker Free/Sample Scene Assets/Material
  artifactKey: Guid(3ed8996337bdce34ba62493f5c6b9ef3) Importer(815301076,1909f56bfc062723c751e8b465ee728b)
Start importing Assets/Mess Maker Free/Sample Scene Assets/Material using Guid(3ed8996337bdce34ba62493f5c6b9ef3) Importer(815301076,1909f56bfc062723c751e8b465ee728b)  -> (artifact id: 'e0ef13ff9a86baa24570b981c41d1109') in 0.006073 seconds 
========================================================================
Received Import Request.
  Time since last request: 0.618611 seconds.
  path: Assets/Mess Maker Free/Sample Scene Assets/Samnple Scene Lighting Settings.lighting
  artifactKey: Guid(30a4ebca471b7e24b98d8bd78fb72629) Importer(815301076,1909f56bfc062723c751e8b465ee728b)
Start importing Assets/Mess Maker Free/Sample Scene Assets/Samnple Scene Lighting Settings.lighting using Guid(30a4ebca471b7e24b98d8bd78fb72629) Importer(815301076,1909f56bfc062723c751e8b465ee728b)  -> (artifact id: 'a0638a9c48635393491c0ef662cbbaa8') in 0.027968 seconds 
========================================================================
Received Import Request.
  Time since last request: 0.505100 seconds.
  path: Assets/Mess Maker Free/Sample Scene Assets/Material/Buildings.mat
  artifactKey: Guid(af2c4ccbae32b734ba26fb184696a982) Importer(815301076,1909f56bfc062723c751e8b465ee728b)
Start importing Assets/Mess Maker Free/Sample Scene Assets/Material/Buildings.mat using Guid(af2c4ccbae32b734ba26fb184696a982) Importer(815301076,1909f56bfc062723c751e8b465ee728b)  -> (artifact id: 'c9f08981629efc8f16de31dc9c5023d0') in 0.297186 seconds 
========================================================================
Received Import Request.
  Time since last request: 0.000022 seconds.
  path: Assets/Mess Maker Free/Sample Scene Assets/Material/Grass.mat
  artifactKey: Guid(adbf8e9ec8593f64b8727d25fd4e08c2) Importer(815301076,1909f56bfc062723c751e8b465ee728b)
Start importing Assets/Mess Maker Free/Sample Scene Assets/Material/Grass.mat using Guid(adbf8e9ec8593f64b8727d25fd4e08c2) Importer(815301076,1909f56bfc062723c751e8b465ee728b)  -> (artifact id: '36079ac134f9aba0d0d8056c98f09e0e') in 0.015273 seconds 
========================================================================
Received Import Request.
  Time since last request: 0.000034 seconds.
  path: Assets/Mess Maker Free/Sample Scene Assets/Material/Plain.mat
  artifactKey: Guid(2d70637cc1cf12841a4294455b2c9198) Importer(815301076,1909f56bfc062723c751e8b465ee728b)
Start importing Assets/Mess Maker Free/Sample Scene Assets/Material/Plain.mat using Guid(2d70637cc1cf12841a4294455b2c9198) Importer(815301076,1909f56bfc062723c751e8b465ee728b)  -> (artifact id: 'c86e6267be5413c86c8c40c58142fb53') in 0.014779 seconds 
========================================================================
Received Import Request.
  Time since last request: 0.000020 seconds.
  path: Assets/Mess Maker Free/Sample Scene Assets/Material/Tree.mat
  artifactKey: Guid(56a9f540f4d15c84fb6ca8c596b889e1) Importer(815301076,1909f56bfc062723c751e8b465ee728b)
Start importing Assets/Mess Maker Free/Sample Scene Assets/Material/Tree.mat using Guid(56a9f540f4d15c84fb6ca8c596b889e1) Importer(815301076,1909f56bfc062723c751e8b465ee728b)  -> (artifact id: '26af1f2ab06fd24c099610364689e27e') in 0.014199 seconds 
========================================================================
Received Import Request.
  Time since last request: 3.170627 seconds.
  path: Assets/Mess Maker Free/Scripts
  artifactKey: Guid(54ee625f418efd04193e7915a1cc3cc9) Importer(815301076,1909f56bfc062723c751e8b465ee728b)
Start importing Assets/Mess Maker Free/Scripts using Guid(54ee625f418efd04193e7915a1cc3cc9) Importer(815301076,1909f56bfc062723c751e8b465ee728b)  -> (artifact id: 'f801b3a35be4f78d8f123cc2b1f7e5de') in 0.006110 seconds 
========================================================================
Received Prepare
Registering precompiled user dll's ...
Registered in 0.010970 seconds.
Begin MonoManager ReloadAssembly
Symbol file LoadedFromMemory doesn't match image C:\Users\mundu\ArDemo\EnvironmentalImpactVisulizer\EnviromentalDemo\Library\PackageCache\com.unity.visualscripting@1.7.8\Editor\VisualScripting.Core\Dependencies\DotNetZip\Unity.VisualScripting.IonicZip.dll
Symbol file LoadedFromMemory doesn't match image C:\Users\mundu\ArDemo\EnvironmentalImpactVisulizer\EnviromentalDemo\Library\PackageCache\com.unity.visualscripting@1.7.8\Editor\VisualScripting.Core\Dependencies\YamlDotNet\Unity.VisualScripting.YamlDotNet.dll
Native extension for WindowsStandalone target not found
Native extension for Android target not found
Refreshing native plugins compatible for Editor in 1.11 ms, found 9 plugins.
Preloading 0 native plugins for Editor in 0.00 ms.
Mono: successfully reloaded assembly
- Completed reload, in  1.150 seconds
Domain Reload Profiling:
	ReloadAssembly (1150ms)
		BeginReloadAssembly (160ms)
			ExecutionOrderSort (0ms)
			DisableScriptedObjects (4ms)
			BackupInstance (0ms)
			ReleaseScriptingObjects (0ms)
			CreateAndSetChildDomain (61ms)
		EndReloadAssembly (889ms)
			LoadAssemblies (93ms)
			RebuildTransferFunctionScriptingTraits (0ms)
			SetupTypeCache (256ms)
			ReleaseScriptCaches (1ms)
			RebuildScriptCaches (38ms)
			SetupLoadedEditorAssemblies (446ms)
				LogAssemblyErrors (0ms)
				InitializePlatformSupportModulesInManaged (21ms)
				SetLoadedEditorAssemblies (0ms)
				RefreshPlugins (1ms)
				BeforeProcessingInitializeOnLoad (90ms)
				ProcessInitializeOnLoadAttributes (290ms)
				ProcessInitializeOnLoadMethodAttributes (36ms)
				AfterProcessingInitializeOnLoad (7ms)
				EditorAssembliesLoaded (0ms)
			ExecutionOrderSort2 (0ms)
			AwakeInstancesAfterBackupRestoration (6ms)
Platform modules already initialized, skipping
Refreshing native plugins compatible for Editor in 7.03 ms, found 9 plugins.
Preloading 0 native plugins for Editor in 0.00 ms.
Unloading 4523 Unused Serialized files (Serialized files now loaded: 0)
Unloading 41 unused Assets / (126.6 KB). Loaded Objects now: 5032.
Memory consumption went from 159.2 MB to 159.1 MB.
Total: 5.893200 ms (FindLiveObjects: 0.633100 ms CreateObjectMapping: 0.358000 ms MarkObjects: 4.766800 ms  DeleteObjects: 0.133300 ms)

AssetImportParameters requested are different than current active one (requested -> active):
  custom:video-decoder-ogg-theora: a1e56fd34408186e4bbccfd4996cb3dc -> 
  custom:container-muxer-webm: aa71ff27fc2769a1b78a27578f13a17b -> 
  custom:container-demuxer-webm: 4f35f7cbe854078d1ac9338744f61a02 -> 
  custom:video-encoder-webm-vp8: eb34c28f22e8b96e1ab97ce403110664 -> 
  custom:video-codec-MediaFoundation-h265: 746d11721c4dcdbdad8f713fa42b33f4 -> 
  custom:audio-encoder-webm-vorbis: bf7c407c2cedff20999df2af8eb42d56 -> 
  custom:framework-win-MediaFoundation: 216162199b28c13a410421893ffa2e32 -> 
  custom:container-demuxer-ogg: 62fdf1f143b41e24485cea50d1cbac27 -> 
  custom:video-decoder-webm-vp8: 9c59270c3fd7afecdb556c50c9e8de78 -> 
  custom:audio-decoder-ogg-vorbis: bf7c407c2cedff20999df2af8eb42d56 -> 
========================================================================
Received Import Request.
  Time since last request: 93.151962 seconds.
  path: Assets/Mess Maker Free/Prefabs/Mess Maker Poole High Poly.prefab
  artifactKey: Guid(d9c7cf1a6a245e04f9d819e9df397dbc) Importer(815301076,1909f56bfc062723c751e8b465ee728b)
Start importing Assets/Mess Maker Free/Prefabs/Mess Maker Poole High Poly.prefab using Guid(d9c7cf1a6a245e04f9d819e9df397dbc) Importer(815301076,1909f56bfc062723c751e8b465ee728b)  -> (artifact id: 'ec1c0633c90f6dc061286a97fbd9031e') in 0.037513 seconds 
========================================================================
Received Import Request.
  Time since last request: 0.000021 seconds.
  path: Assets/Mess Maker Free/Prefabs/Mess Maker.prefab
  artifactKey: Guid(ac1b1b5e1165c114684ef1b66f53b774) Importer(815301076,1909f56bfc062723c751e8b465ee728b)
Start importing Assets/Mess Maker Free/Prefabs/Mess Maker.prefab using Guid(ac1b1b5e1165c114684ef1b66f53b774) Importer(815301076,1909f56bfc062723c751e8b465ee728b)  -> (artifact id: '0deb2f813969613b6d18be7e51e73433') in 0.012724 seconds 
========================================================================
Received Import Request.
  Time since last request: 0.000020 seconds.
  path: Assets/Mess Maker Free/Prefabs/Mess Maker Poole Rocks.prefab
  artifactKey: Guid(bdd419111585dfc448877e5ba79e1139) Importer(815301076,1909f56bfc062723c751e8b465ee728b)
Start importing Assets/Mess Maker Free/Prefabs/Mess Maker Poole Rocks.prefab using Guid(bdd419111585dfc448877e5ba79e1139) Importer(815301076,1909f56bfc062723c751e8b465ee728b)  -> (artifact id: '04b255b2e0baa60a049e19cf2f98516a') in 0.012782 seconds 
========================================================================
Received Import Request.
  Time since last request: 3.773111 seconds.
  path: Assets/Mess Maker Free/Prefabs/Low Poly/Cans/Beer Can Blue.prefab
  artifactKey: Guid(5c5315a832f1fa040b2831c887de01f8) Importer(815301076,1909f56bfc062723c751e8b465ee728b)
Start importing Assets/Mess Maker Free/Prefabs/Low Poly/Cans/Beer Can Blue.prefab using Guid(5c5315a832f1fa040b2831c887de01f8) Importer(815301076,1909f56bfc062723c751e8b465ee728b)  -> (artifact id: 'aeee4e834166d089f011614fe649701b') in 0.067003 seconds 
========================================================================
Received Import Request.
  Time since last request: 0.000026 seconds.
  path: Assets/Mess Maker Free/Prefabs/Low Poly/Cans/Beer Can Green.prefab
  artifactKey: Guid(86cd66e551e6e1748aee29ef7980b668) Importer(815301076,1909f56bfc062723c751e8b465ee728b)
Start importing Assets/Mess Maker Free/Prefabs/Low Poly/Cans/Beer Can Green.prefab using Guid(86cd66e551e6e1748aee29ef7980b668) Importer(815301076,1909f56bfc062723c751e8b465ee728b)  -> (artifact id: 'c43198e46e84fb58f8ecc3fce2a74358') in 0.019591 seconds 
========================================================================
Received Import Request.
  Time since last request: 0.000036 seconds.
  path: Assets/Mess Maker Free/Prefabs/Low Poly/Cans/Soda Can Red Crushed.prefab
  artifactKey: Guid(c8123449a980e6c438fa9bb06277785a) Importer(815301076,1909f56bfc062723c751e8b465ee728b)
Start importing Assets/Mess Maker Free/Prefabs/Low Poly/Cans/Soda Can Red Crushed.prefab using Guid(c8123449a980e6c438fa9bb06277785a) Importer(815301076,1909f56bfc062723c751e8b465ee728b)  -> (artifact id: '68ae63c7a63880fe0926a97322741cb4') in 0.019412 seconds 
========================================================================
Received Import Request.
  Time since last request: 0.000032 seconds.
  path: Assets/Mess Maker Free/Prefabs/Low Poly/Cans/Beer Can Green Crushed.prefab
  artifactKey: Guid(be2f3a70d7cff0d499d97d845208aafb) Importer(815301076,1909f56bfc062723c751e8b465ee728b)
Start importing Assets/Mess Maker Free/Prefabs/Low Poly/Cans/Beer Can Green Crushed.prefab using Guid(be2f3a70d7cff0d499d97d845208aafb) Importer(815301076,1909f56bfc062723c751e8b465ee728b)  -> (artifact id: 'abebecbdd3aeeb938a3a287a173b7946') in 0.019628 seconds 
========================================================================
Received Import Request.
  Time since last request: 0.000040 seconds.
  path: Assets/Mess Maker Free/Prefabs/Low Poly/Cans/Beer Can Red.prefab
  artifactKey: Guid(5f6a44704381d674fbe683276b29b7aa) Importer(815301076,1909f56bfc062723c751e8b465ee728b)
Start importing Assets/Mess Maker Free/Prefabs/Low Poly/Cans/Beer Can Red.prefab using Guid(5f6a44704381d674fbe683276b29b7aa) Importer(815301076,1909f56bfc062723c751e8b465ee728b)  -> (artifact id: '4a5418f7e1ebcb319fd29779988c0435') in 0.022264 seconds 
========================================================================
Received Import Request.
  Time since last request: 0.000024 seconds.
  path: Assets/Mess Maker Free/Prefabs/Low Poly/Cans/Beer Can Red Crushed.prefab
  artifactKey: Guid(d346a7c25a992d94a9a1af7f234074b3) Importer(815301076,1909f56bfc062723c751e8b465ee728b)
Start importing Assets/Mess Maker Free/Prefabs/Low Poly/Cans/Beer Can Red Crushed.prefab using Guid(d346a7c25a992d94a9a1af7f234074b3) Importer(815301076,1909f56bfc062723c751e8b465ee728b)  -> (artifact id: 'becd9725b3e62d1a44e6d168301177ba') in 0.017898 seconds 
Editor requested this worker to shutdown with reason: Scaling down because of idle timeout
AssetImportWorker is now disconnected from the server
Process exiting
Exiting without the bug reporter. Application will terminate with return code 0