Using pre-set license
Built from '2021.3/staging' branch; Version is '2021.3.8f1 (b30333d56e81) revision 11731763'; Using compiler version '192829333'; Build Type 'Release'
OS: 'Windows 11  (10.0.22000) 64bit Core' Language: 'en' Physical Memory: 15776 MB
BatchMode: 1, IsHumanControllingUs: 0, StartBugReporterOnCrash: 0, Is64bit: 1, IsPro: 1

COMMAND LINE ARGUMENTS:
C:\Program Files\Unity\Hub\Editor\2021.3.8f1\Editor\Unity.exe
-adb2
-batchMode
-noUpm
-name
AssetImportWorker2
-projectPath
C:/Users/mundu/ArDemo/EnvironmentalImpactVisulizer/EnviromentalDemo
-logFile
Logs/AssetImportWorker2.log
-srvPort
62245
Successfully changed project path to: C:/Users/mundu/ArDemo/EnvironmentalImpactVisulizer/EnviromentalDemo
C:/Users/mundu/ArDemo/EnvironmentalImpactVisulizer/EnviromentalDemo
[UnityMemory] Configuration Parameters - Can be set up in boot.config
    "memorysetup-bucket-allocator-granularity=16"
    "memorysetup-bucket-allocator-bucket-count=8"
    "memorysetup-bucket-allocator-block-size=33554432"
    "memorysetup-bucket-allocator-block-count=8"
    "memorysetup-main-allocator-block-size=16777216"
    "memorysetup-thread-allocator-block-size=16777216"
    "memorysetup-gfx-main-allocator-block-size=16777216"
    "memorysetup-gfx-thread-allocator-block-size=16777216"
    "memorysetup-cache-allocator-block-size=4194304"
    "memorysetup-typetree-allocator-block-size=2097152"
    "memorysetup-profiler-bucket-allocator-granularity=16"
    "memorysetup-profiler-bucket-allocator-bucket-count=8"
    "memorysetup-profiler-bucket-allocator-block-size=33554432"
    "memorysetup-profiler-bucket-allocator-block-count=8"
    "memorysetup-profiler-allocator-block-size=16777216"
    "memorysetup-profiler-editor-allocator-block-size=1048576"
    "memorysetup-temp-allocator-size-main=16777216"
    "memorysetup-job-temp-allocator-block-size=2097152"
    "memorysetup-job-temp-allocator-block-size-background=1048576"
    "memorysetup-job-temp-allocator-reduction-small-platforms=262144"
    "memorysetup-temp-allocator-size-background-worker=32768"
    "memorysetup-temp-allocator-size-job-worker=262144"
    "memorysetup-temp-allocator-size-preload-manager=33554432"
    "memorysetup-temp-allocator-size-nav-mesh-worker=65536"
    "memorysetup-temp-allocator-size-audio-worker=65536"
    "memorysetup-temp-allocator-size-cloud-worker=32768"
    "memorysetup-temp-allocator-size-gi-baking-worker=262144"
    "memorysetup-temp-allocator-size-gfx=262144"
Refreshing native plugins compatible for Editor in 130.19 ms, found 9 plugins.
Preloading 0 native plugins for Editor in 0.00 ms.
Initialize engine version: 2021.3.8f1 (b30333d56e81)
[Subsystems] Discovering subsystems at path C:/Program Files/Unity/Hub/Editor/2021.3.8f1/Editor/Data/Resources/UnitySubsystems
[Subsystems] Discovering subsystems at path C:/Users/mundu/ArDemo/EnvironmentalImpactVisulizer/EnviromentalDemo/Assets
GfxDevice: creating device client; threaded=0; jobified=0
Direct3D:
    Version:  Direct3D 11.0 [level 11.1]
    Renderer: NVIDIA GeForce RTX 3050 Ti Laptop GPU (ID=0x25a0)
    Vendor:   NVIDIA
    VRAM:     3990 MB
    Driver:   30.0.15.1278
Initialize mono
Mono path[0] = 'C:/Program Files/Unity/Hub/Editor/2021.3.8f1/Editor/Data/Managed'
Mono path[1] = 'C:/Program Files/Unity/Hub/Editor/2021.3.8f1/Editor/Data/MonoBleedingEdge/lib/mono/unityjit-win32'
Mono config path = 'C:/Program Files/Unity/Hub/Editor/2021.3.8f1/Editor/Data/MonoBleedingEdge/etc'
Using monoOptions --debugger-agent=transport=dt_socket,embedding=1,server=y,suspend=n,address=127.0.0.1:56708
Begin MonoManager ReloadAssembly
Registering precompiled unity dll's ...
Register platform support module: C:/Program Files/Unity/Hub/Editor/2021.3.8f1/Editor/Data/PlaybackEngines/AndroidPlayer/UnityEditor.Android.Extensions.dll
Register platform support module: C:/Program Files/Unity/Hub/Editor/2021.3.8f1/Editor/Data/PlaybackEngines/WindowsStandaloneSupport/UnityEditor.WindowsStandalone.Extensions.dll
Registered in 0.005709 seconds.
Native extension for WindowsStandalone target not found
Native extension for Android target not found
Refreshing native plugins compatible for Editor in 104.77 ms, found 9 plugins.
Preloading 0 native plugins for Editor in 0.00 ms.
Mono: successfully reloaded assembly
- Completed reload, in  0.668 seconds
Domain Reload Profiling:
	ReloadAssembly (669ms)
		BeginReloadAssembly (67ms)
			ExecutionOrderSort (0ms)
			DisableScriptedObjects (0ms)
			BackupInstance (0ms)
			ReleaseScriptingObjects (0ms)
			CreateAndSetChildDomain (1ms)
		EndReloadAssembly (492ms)
			LoadAssemblies (65ms)
			RebuildTransferFunctionScriptingTraits (0ms)
			SetupTypeCache (102ms)
			ReleaseScriptCaches (0ms)
			RebuildScriptCaches (25ms)
			SetupLoadedEditorAssemblies (311ms)
				LogAssemblyErrors (0ms)
				InitializePlatformSupportModulesInManaged (46ms)
				SetLoadedEditorAssemblies (0ms)
				RefreshPlugins (105ms)
				BeforeProcessingInitializeOnLoad (1ms)
				ProcessInitializeOnLoadAttributes (115ms)
				ProcessInitializeOnLoadMethodAttributes (43ms)
				AfterProcessingInitializeOnLoad (0ms)
				EditorAssembliesLoaded (0ms)
			ExecutionOrderSort2 (0ms)
			AwakeInstancesAfterBackupRestoration (0ms)
Platform modules already initialized, skipping
Registering precompiled user dll's ...
Registered in 0.011395 seconds.
Begin MonoManager ReloadAssembly
Symbol file LoadedFromMemory doesn't match image C:\Users\mundu\ArDemo\EnvironmentalImpactVisulizer\EnviromentalDemo\Library\PackageCache\com.unity.visualscripting@1.7.8\Editor\VisualScripting.Core\Dependencies\DotNetZip\Unity.VisualScripting.IonicZip.dll
Symbol file LoadedFromMemory doesn't match image C:\Users\mundu\ArDemo\EnvironmentalImpactVisulizer\EnviromentalDemo\Library\PackageCache\com.unity.visualscripting@1.7.8\Editor\VisualScripting.Core\Dependencies\YamlDotNet\Unity.VisualScripting.YamlDotNet.dll
Native extension for WindowsStandalone target not found
Native extension for Android target not found
Refreshing native plugins compatible for Editor in 106.19 ms, found 9 plugins.
Preloading 0 native plugins for Editor in 0.00 ms.
Package Manager log level set to [2]
Mono: successfully reloaded assembly
- Completed reload, in  1.352 seconds
Domain Reload Profiling:
	ReloadAssembly (1352ms)
		BeginReloadAssembly (105ms)
			ExecutionOrderSort (0ms)
			DisableScriptedObjects (6ms)
			BackupInstance (0ms)
			ReleaseScriptingObjects (0ms)
			CreateAndSetChildDomain (21ms)
		EndReloadAssembly (1133ms)
			LoadAssemblies (87ms)
			RebuildTransferFunctionScriptingTraits (0ms)
			SetupTypeCache (290ms)
			ReleaseScriptCaches (1ms)
			RebuildScriptCaches (71ms)
			SetupLoadedEditorAssemblies (615ms)
				LogAssemblyErrors (0ms)
				InitializePlatformSupportModulesInManaged (13ms)
				SetLoadedEditorAssemblies (0ms)
				RefreshPlugins (106ms)
				BeforeProcessingInitializeOnLoad (130ms)
				ProcessInitializeOnLoadAttributes (329ms)
				ProcessInitializeOnLoadMethodAttributes (29ms)
				AfterProcessingInitializeOnLoad (7ms)
				EditorAssembliesLoaded (0ms)
			ExecutionOrderSort2 (0ms)
			AwakeInstancesAfterBackupRestoration (6ms)
Platform modules already initialized, skipping
========================================================================
Worker process is ready to serve import requests
Launched and connected shader compiler UnityShaderCompiler.exe after 0.07 seconds
Refreshing native plugins compatible for Editor in 1.89 ms, found 9 plugins.
Preloading 0 native plugins for Editor in 0.00 ms.
Unloading 4543 Unused Serialized files (Serialized files now loaded: 0)
Unloading 51 unused Assets / (159.4 KB). Loaded Objects now: 4984.
Memory consumption went from 155.1 MB to 155.0 MB.
Total: 4.511300 ms (FindLiveObjects: 0.309400 ms CreateObjectMapping: 0.255500 ms MarkObjects: 3.776800 ms  DeleteObjects: 0.168600 ms)

AssetImportParameters requested are different than current active one (requested -> active):
  custom:video-decoder-ogg-theora: a1e56fd34408186e4bbccfd4996cb3dc -> 
  custom:container-muxer-webm: aa71ff27fc2769a1b78a27578f13a17b -> 
  custom:container-demuxer-webm: 4f35f7cbe854078d1ac9338744f61a02 -> 
  custom:video-encoder-webm-vp8: eb34c28f22e8b96e1ab97ce403110664 -> 
  custom:video-codec-MediaFoundation-h265: 746d11721c4dcdbdad8f713fa42b33f4 -> 
  custom:audio-encoder-webm-vorbis: bf7c407c2cedff20999df2af8eb42d56 -> 
  custom:framework-win-MediaFoundation: 216162199b28c13a410421893ffa2e32 -> 
  custom:container-demuxer-ogg: 62fdf1f143b41e24485cea50d1cbac27 -> 
  custom:video-decoder-webm-vp8: 9c59270c3fd7afecdb556c50c9e8de78 -> 
  custom:audio-decoder-ogg-vorbis: bf7c407c2cedff20999df2af8eb42d56 -> 
========================================================================
Received Import Request.
  Time since last request: 77840.365512 seconds.
  path: Assets/Mess Maker Free/Scenes/All Assets SampleScene.unity
  artifactKey: Guid(8c16697332f03fd48b5466418542d524) Importer(815301076,1909f56bfc062723c751e8b465ee728b)
Start importing Assets/Mess Maker Free/Scenes/All Assets SampleScene.unity using Guid(8c16697332f03fd48b5466418542d524) Importer(815301076,1909f56bfc062723c751e8b465ee728b)  -> (artifact id: 'a37895bb8873fc1ab83405a502a734bd') in 0.013360 seconds 
========================================================================
Received Import Request.
  Time since last request: 0.336233 seconds.
  path: Assets/Mess Maker Free/Scenes/DemoScene.unity
  artifactKey: Guid(ae7c4663b8b040044a87348bebe0eb76) Importer(815301076,1909f56bfc062723c751e8b465ee728b)
Start importing Assets/Mess Maker Free/Scenes/DemoScene.unity using Guid(ae7c4663b8b040044a87348bebe0eb76) Importer(815301076,1909f56bfc062723c751e8b465ee728b)  -> (artifact id: '4956684069b819caf8caef34af60e1ab') in 0.005879 seconds 
========================================================================
Received Prepare
Registering precompiled user dll's ...
Registered in 0.009018 seconds.
Begin MonoManager ReloadAssembly
Symbol file LoadedFromMemory doesn't match image C:\Users\mundu\ArDemo\EnvironmentalImpactVisulizer\EnviromentalDemo\Library\PackageCache\com.unity.visualscripting@1.7.8\Editor\VisualScripting.Core\Dependencies\DotNetZip\Unity.VisualScripting.IonicZip.dll
Symbol file LoadedFromMemory doesn't match image C:\Users\mundu\ArDemo\EnvironmentalImpactVisulizer\EnviromentalDemo\Library\PackageCache\com.unity.visualscripting@1.7.8\Editor\VisualScripting.Core\Dependencies\YamlDotNet\Unity.VisualScripting.YamlDotNet.dll
Native extension for WindowsStandalone target not found
Native extension for Android target not found
Refreshing native plugins compatible for Editor in 1.12 ms, found 9 plugins.
Preloading 0 native plugins for Editor in 0.00 ms.
Mono: successfully reloaded assembly
- Completed reload, in  1.186 seconds
Domain Reload Profiling:
	ReloadAssembly (1187ms)
		BeginReloadAssembly (166ms)
			ExecutionOrderSort (0ms)
			DisableScriptedObjects (8ms)
			BackupInstance (0ms)
			ReleaseScriptingObjects (0ms)
			CreateAndSetChildDomain (60ms)
		EndReloadAssembly (914ms)
			LoadAssemblies (94ms)
			RebuildTransferFunctionScriptingTraits (0ms)
			SetupTypeCache (265ms)
			ReleaseScriptCaches (1ms)
			RebuildScriptCaches (40ms)
			SetupLoadedEditorAssemblies (460ms)
				LogAssemblyErrors (0ms)
				InitializePlatformSupportModulesInManaged (21ms)
				SetLoadedEditorAssemblies (0ms)
				RefreshPlugins (1ms)
				BeforeProcessingInitializeOnLoad (90ms)
				ProcessInitializeOnLoadAttributes (301ms)
				ProcessInitializeOnLoadMethodAttributes (35ms)
				AfterProcessingInitializeOnLoad (10ms)
				EditorAssembliesLoaded (0ms)
			ExecutionOrderSort2 (0ms)
			AwakeInstancesAfterBackupRestoration (6ms)
Platform modules already initialized, skipping
Refreshing native plugins compatible for Editor in 5.74 ms, found 9 plugins.
Preloading 0 native plugins for Editor in 0.00 ms.
Unloading 4523 Unused Serialized files (Serialized files now loaded: 0)
Unloading 41 unused Assets / (126.8 KB). Loaded Objects now: 4988.
Memory consumption went from 154.6 MB to 154.5 MB.
Total: 4.261300 ms (FindLiveObjects: 0.499400 ms CreateObjectMapping: 0.271400 ms MarkObjects: 3.358900 ms  DeleteObjects: 0.130600 ms)

AssetImportParameters requested are different than current active one (requested -> active):
  custom:video-decoder-ogg-theora: a1e56fd34408186e4bbccfd4996cb3dc -> 
  custom:container-muxer-webm: aa71ff27fc2769a1b78a27578f13a17b -> 
  custom:container-demuxer-webm: 4f35f7cbe854078d1ac9338744f61a02 -> 
  custom:video-encoder-webm-vp8: eb34c28f22e8b96e1ab97ce403110664 -> 
  custom:video-codec-MediaFoundation-h265: 746d11721c4dcdbdad8f713fa42b33f4 -> 
  custom:audio-encoder-webm-vorbis: bf7c407c2cedff20999df2af8eb42d56 -> 
  custom:framework-win-MediaFoundation: 216162199b28c13a410421893ffa2e32 -> 
  custom:container-demuxer-ogg: 62fdf1f143b41e24485cea50d1cbac27 -> 
  custom:video-decoder-webm-vp8: 9c59270c3fd7afecdb556c50c9e8de78 -> 
  custom:audio-decoder-ogg-vorbis: bf7c407c2cedff20999df2af8eb42d56 -> 
========================================================================
Received Import Request.
  Time since last request: 45.938547 seconds.
  path: Assets/Mess Maker Free/Scripts/MessMaker.cs
  artifactKey: Guid(1fd6852bcdd1f7147bfa71851bf9bb9d) Importer(815301076,1909f56bfc062723c751e8b465ee728b)
Start importing Assets/Mess Maker Free/Scripts/MessMaker.cs using Guid(1fd6852bcdd1f7147bfa71851bf9bb9d) Importer(815301076,1909f56bfc062723c751e8b465ee728b)  -> (artifact id: '092270e773d7e679512eeca2244c7264') in 0.040977 seconds 
========================================================================
Received Import Request.
  Time since last request: 4.916840 seconds.
  path: Assets/Mess Maker Free/Mess Maker Documentation.pdf
  artifactKey: Guid(5dd34d23df9f0ee47ac055383e4d74ca) Importer(815301076,1909f56bfc062723c751e8b465ee728b)
Start importing Assets/Mess Maker Free/Mess Maker Documentation.pdf using Guid(5dd34d23df9f0ee47ac055383e4d74ca) Importer(815301076,1909f56bfc062723c751e8b465ee728b)  -> (artifact id: '7d0dd997c206339a199ea71cc5ce5a58') in 0.017413 seconds 
========================================================================
Received Import Request.
  Time since last request: 35.556375 seconds.
  path: Assets/Mess Maker Free/Templates
  artifactKey: Guid(0517893fcf731e645ac67425fa694cc4) Importer(815301076,1909f56bfc062723c751e8b465ee728b)
Start importing Assets/Mess Maker Free/Templates using Guid(0517893fcf731e645ac67425fa694cc4) Importer(815301076,1909f56bfc062723c751e8b465ee728b)  -> (artifact id: '06a1cdc2954c12da4c4d7567c78a9997') in 0.016926 seconds 
========================================================================
Received Import Request.
  Time since last request: 3.297622 seconds.
  path: Assets/Mess Maker Free/Prefabs
  artifactKey: Guid(577dd5cc83f01a0498d4c59e38e486e5) Importer(815301076,1909f56bfc062723c751e8b465ee728b)
Start importing Assets/Mess Maker Free/Prefabs using Guid(577dd5cc83f01a0498d4c59e38e486e5) Importer(815301076,1909f56bfc062723c751e8b465ee728b)  -> (artifact id: '8a60e62234208684ef4096f56e137378') in 0.005702 seconds 
========================================================================
Received Import Request.
  Time since last request: 0.243230 seconds.
  path: Assets/Mess Maker Free/Prefabs/Mess Maker Poole Empty.prefab
  artifactKey: Guid(643a9882a6816d04d8b5591b567abd3b) Importer(815301076,1909f56bfc062723c751e8b465ee728b)
Start importing Assets/Mess Maker Free/Prefabs/Mess Maker Poole Empty.prefab using Guid(643a9882a6816d04d8b5591b567abd3b) Importer(815301076,1909f56bfc062723c751e8b465ee728b)  -> (artifact id: '2c618249787e38c3b5d26e448df2d7f5') in 0.032701 seconds 
========================================================================
Received Import Request.
  Time since last request: 0.000025 seconds.
  path: Assets/Mess Maker Free/Prefabs/Mess Maker Poole Low Poly.prefab
  artifactKey: Guid(eb77577b68aca20459a725c42365a5e8) Importer(815301076,1909f56bfc062723c751e8b465ee728b)
Start importing Assets/Mess Maker Free/Prefabs/Mess Maker Poole Low Poly.prefab using Guid(eb77577b68aca20459a725c42365a5e8) Importer(815301076,1909f56bfc062723c751e8b465ee728b)  -> (artifact id: 'fb5d3c03bbcff2671f58ffa51337e36f') in 0.026002 seconds 
========================================================================
Received Import Request.
  Time since last request: 1.726234 seconds.
  path: Assets/Mess Maker Free/Prefabs/Low Poly
  artifactKey: Guid(9eaf2b4d7460be4498eda94c39cfaed7) Importer(815301076,1909f56bfc062723c751e8b465ee728b)
Start importing Assets/Mess Maker Free/Prefabs/Low Poly using Guid(9eaf2b4d7460be4498eda94c39cfaed7) Importer(815301076,1909f56bfc062723c751e8b465ee728b)  -> (artifact id: '4352c09bd6372fb8fb5723d37fc6f776') in 0.005796 seconds 
========================================================================
Received Import Request.
  Time since last request: 1.888931 seconds.
  path: Assets/Mess Maker Free/Prefabs/Low Poly/Cans
  artifactKey: Guid(78e422c909bed3f42bc465311d60f67c) Importer(815301076,1909f56bfc062723c751e8b465ee728b)
Start importing Assets/Mess Maker Free/Prefabs/Low Poly/Cans using Guid(78e422c909bed3f42bc465311d60f67c) Importer(815301076,1909f56bfc062723c751e8b465ee728b)  -> (artifact id: 'a8d5d7d9d05215d21d857b7099e2de37') in 0.006608 seconds 
========================================================================
Received Import Request.
  Time since last request: 0.140383 seconds.
  path: Assets/Mess Maker Free/Prefabs/Low Poly/Cans/Beer Can Blue Crushed.prefab
  artifactKey: Guid(7690bf91c4240ca4b876e0de5b4034af) Importer(815301076,1909f56bfc062723c751e8b465ee728b)
Start importing Assets/Mess Maker Free/Prefabs/Low Poly/Cans/Beer Can Blue Crushed.prefab using Guid(7690bf91c4240ca4b876e0de5b4034af) Importer(815301076,1909f56bfc062723c751e8b465ee728b)  -> (artifact id: '6b4e970e4cc4efec5221320ce0eede18') in 0.097420 seconds 
========================================================================
Received Import Request.
  Time since last request: 0.000036 seconds.
  path: Assets/Mess Maker Free/Prefabs/Low Poly/Cans/Soda Can Orange.prefab
  artifactKey: Guid(ee6951d938497174989b85bc977b2e7a) Importer(815301076,1909f56bfc062723c751e8b465ee728b)
Start importing Assets/Mess Maker Free/Prefabs/Low Poly/Cans/Soda Can Orange.prefab using Guid(ee6951d938497174989b85bc977b2e7a) Importer(815301076,1909f56bfc062723c751e8b465ee728b)  -> (artifact id: '7c06c6651a882e1f3128315f9add1e2c') in 0.022331 seconds 
========================================================================
Received Import Request.
  Time since last request: 0.000037 seconds.
  path: Assets/Mess Maker Free/Prefabs/Low Poly/Cans/Soda Can Red.prefab
  artifactKey: Guid(dcbc01726f8551e4895aa72699112ee4) Importer(815301076,1909f56bfc062723c751e8b465ee728b)
Start importing Assets/Mess Maker Free/Prefabs/Low Poly/Cans/Soda Can Red.prefab using Guid(dcbc01726f8551e4895aa72699112ee4) Importer(815301076,1909f56bfc062723c751e8b465ee728b)  -> (artifact id: '67abc9f1c860f27d1791eab870307da3') in 0.019045 seconds 
========================================================================
Received Import Request.
  Time since last request: 0.000034 seconds.
  path: Assets/Mess Maker Free/Prefabs/Low Poly/Cans/Soda Can Green.prefab
  artifactKey: Guid(c840387747cb48f409bf9c9708a4d90d) Importer(815301076,1909f56bfc062723c751e8b465ee728b)
Start importing Assets/Mess Maker Free/Prefabs/Low Poly/Cans/Soda Can Green.prefab using Guid(c840387747cb48f409bf9c9708a4d90d) Importer(815301076,1909f56bfc062723c751e8b465ee728b)  -> (artifact id: '127d85bb49005d7c0f18dcb71251cde9') in 0.019028 seconds 
========================================================================
Received Import Request.
  Time since last request: 0.000020 seconds.
  path: Assets/Mess Maker Free/Prefabs/Low Poly/Cans/Soda Can Green Crushed.prefab
  artifactKey: Guid(f02a92e1ab7d32d4fad570cd12c80c3e) Importer(815301076,1909f56bfc062723c751e8b465ee728b)
Start importing Assets/Mess Maker Free/Prefabs/Low Poly/Cans/Soda Can Green Crushed.prefab using Guid(f02a92e1ab7d32d4fad570cd12c80c3e) Importer(815301076,1909f56bfc062723c751e8b465ee728b)  -> (artifact id: 'b6ab8a3a9a52c8020ed6a8cacd6aca99') in 0.016713 seconds 
Editor requested this worker to shutdown with reason: Scaling down because of idle timeout
AssetImportWorker is now disconnected from the server
Process exiting
Exiting without the bug reporter. Application will terminate with return code 0