Using pre-set license
Built from '2021.3/staging' branch; Version is '2021.3.8f1 (b30333d56e81) revision 11731763'; Using compiler version '192829333'; Build Type 'Release'
OS: 'Windows 11  (10.0.22000) 64bit Core' Language: 'en' Physical Memory: 15776 MB
BatchMode: 1, IsHumanControllingUs: 0, StartBugReporterOnCrash: 0, Is64bit: 1, IsPro: 1

COMMAND LINE ARGUMENTS:
C:\Program Files\Unity\Hub\Editor\2021.3.8f1\Editor\Unity.exe
-adb2
-batchMode
-noUpm
-name
AssetImportWorker3
-projectPath
C:/Users/mundu/ArDemo/EnvironmentalImpactVisulizer/EnviromentalDemo
-logFile
Logs/AssetImportWorker3.log
-srvPort
62245
Successfully changed project path to: C:/Users/mundu/ArDemo/EnvironmentalImpactVisulizer/EnviromentalDemo
C:/Users/mundu/ArDemo/EnvironmentalImpactVisulizer/EnviromentalDemo
[UnityMemory] Configuration Parameters - Can be set up in boot.config
    "memorysetup-bucket-allocator-granularity=16"
    "memorysetup-bucket-allocator-bucket-count=8"
    "memorysetup-bucket-allocator-block-size=33554432"
    "memorysetup-bucket-allocator-block-count=8"
    "memorysetup-main-allocator-block-size=16777216"
    "memorysetup-thread-allocator-block-size=16777216"
    "memorysetup-gfx-main-allocator-block-size=16777216"
    "memorysetup-gfx-thread-allocator-block-size=16777216"
    "memorysetup-cache-allocator-block-size=4194304"
    "memorysetup-typetree-allocator-block-size=2097152"
    "memorysetup-profiler-bucket-allocator-granularity=16"
    "memorysetup-profiler-bucket-allocator-bucket-count=8"
    "memorysetup-profiler-bucket-allocator-block-size=33554432"
    "memorysetup-profiler-bucket-allocator-block-count=8"
    "memorysetup-profiler-allocator-block-size=16777216"
    "memorysetup-profiler-editor-allocator-block-size=1048576"
    "memorysetup-temp-allocator-size-main=16777216"
    "memorysetup-job-temp-allocator-block-size=2097152"
    "memorysetup-job-temp-allocator-block-size-background=1048576"
    "memorysetup-job-temp-allocator-reduction-small-platforms=262144"
    "memorysetup-temp-allocator-size-background-worker=32768"
    "memorysetup-temp-allocator-size-job-worker=262144"
    "memorysetup-temp-allocator-size-preload-manager=33554432"
    "memorysetup-temp-allocator-size-nav-mesh-worker=65536"
    "memorysetup-temp-allocator-size-audio-worker=65536"
    "memorysetup-temp-allocator-size-cloud-worker=32768"
    "memorysetup-temp-allocator-size-gi-baking-worker=262144"
    "memorysetup-temp-allocator-size-gfx=262144"
Refreshing native plugins compatible for Editor in 116.96 ms, found 9 plugins.
Preloading 0 native plugins for Editor in 0.00 ms.
Initialize engine version: 2021.3.8f1 (b30333d56e81)
[Subsystems] Discovering subsystems at path C:/Program Files/Unity/Hub/Editor/2021.3.8f1/Editor/Data/Resources/UnitySubsystems
[Subsystems] Discovering subsystems at path C:/Users/mundu/ArDemo/EnvironmentalImpactVisulizer/EnviromentalDemo/Assets
GfxDevice: creating device client; threaded=0; jobified=0
Direct3D:
    Version:  Direct3D 11.0 [level 11.1]
    Renderer: NVIDIA GeForce RTX 3050 Ti Laptop GPU (ID=0x25a0)
    Vendor:   NVIDIA
    VRAM:     3990 MB
    Driver:   30.0.15.1278
Initialize mono
Mono path[0] = 'C:/Program Files/Unity/Hub/Editor/2021.3.8f1/Editor/Data/Managed'
Mono path[1] = 'C:/Program Files/Unity/Hub/Editor/2021.3.8f1/Editor/Data/MonoBleedingEdge/lib/mono/unityjit-win32'
Mono config path = 'C:/Program Files/Unity/Hub/Editor/2021.3.8f1/Editor/Data/MonoBleedingEdge/etc'
Using monoOptions --debugger-agent=transport=dt_socket,embedding=1,server=y,suspend=n,address=127.0.0.1:56408
Begin MonoManager ReloadAssembly
Registering precompiled unity dll's ...
Register platform support module: C:/Program Files/Unity/Hub/Editor/2021.3.8f1/Editor/Data/PlaybackEngines/AndroidPlayer/UnityEditor.Android.Extensions.dll
Register platform support module: C:/Program Files/Unity/Hub/Editor/2021.3.8f1/Editor/Data/PlaybackEngines/WindowsStandaloneSupport/UnityEditor.WindowsStandalone.Extensions.dll
Registered in 0.005431 seconds.
Native extension for WindowsStandalone target not found
Native extension for Android target not found
Refreshing native plugins compatible for Editor in 109.22 ms, found 9 plugins.
Preloading 0 native plugins for Editor in 0.00 ms.
Mono: successfully reloaded assembly
- Completed reload, in  0.676 seconds
Domain Reload Profiling:
	ReloadAssembly (677ms)
		BeginReloadAssembly (71ms)
			ExecutionOrderSort (0ms)
			DisableScriptedObjects (0ms)
			BackupInstance (0ms)
			ReleaseScriptingObjects (0ms)
			CreateAndSetChildDomain (1ms)
		EndReloadAssembly (495ms)
			LoadAssemblies (70ms)
			RebuildTransferFunctionScriptingTraits (0ms)
			SetupTypeCache (106ms)
			ReleaseScriptCaches (0ms)
			RebuildScriptCaches (25ms)
			SetupLoadedEditorAssemblies (312ms)
				LogAssemblyErrors (0ms)
				InitializePlatformSupportModulesInManaged (43ms)
				SetLoadedEditorAssemblies (0ms)
				RefreshPlugins (109ms)
				BeforeProcessingInitializeOnLoad (1ms)
				ProcessInitializeOnLoadAttributes (115ms)
				ProcessInitializeOnLoadMethodAttributes (43ms)
				AfterProcessingInitializeOnLoad (0ms)
				EditorAssembliesLoaded (0ms)
			ExecutionOrderSort2 (0ms)
			AwakeInstancesAfterBackupRestoration (0ms)
Platform modules already initialized, skipping
Registering precompiled user dll's ...
Registered in 0.009416 seconds.
Begin MonoManager ReloadAssembly
Symbol file LoadedFromMemory doesn't match image C:\Users\mundu\ArDemo\EnvironmentalImpactVisulizer\EnviromentalDemo\Library\PackageCache\com.unity.visualscripting@1.7.8\Editor\VisualScripting.Core\Dependencies\DotNetZip\Unity.VisualScripting.IonicZip.dll
Symbol file LoadedFromMemory doesn't match image C:\Users\mundu\ArDemo\EnvironmentalImpactVisulizer\EnviromentalDemo\Library\PackageCache\com.unity.visualscripting@1.7.8\Editor\VisualScripting.Core\Dependencies\YamlDotNet\Unity.VisualScripting.YamlDotNet.dll
Native extension for WindowsStandalone target not found
Native extension for Android target not found
Refreshing native plugins compatible for Editor in 105.70 ms, found 9 plugins.
Preloading 0 native plugins for Editor in 0.00 ms.
Package Manager log level set to [2]
Mono: successfully reloaded assembly
- Completed reload, in  1.269 seconds
Domain Reload Profiling:
	ReloadAssembly (1271ms)
		BeginReloadAssembly (101ms)
			ExecutionOrderSort (0ms)
			DisableScriptedObjects (6ms)
			BackupInstance (0ms)
			ReleaseScriptingObjects (0ms)
			CreateAndSetChildDomain (19ms)
		EndReloadAssembly (1055ms)
			LoadAssemblies (83ms)
			RebuildTransferFunctionScriptingTraits (0ms)
			SetupTypeCache (274ms)
			ReleaseScriptCaches (1ms)
			RebuildScriptCaches (55ms)
			SetupLoadedEditorAssemblies (585ms)
				LogAssemblyErrors (0ms)
				InitializePlatformSupportModulesInManaged (13ms)
				SetLoadedEditorAssemblies (0ms)
				RefreshPlugins (106ms)
				BeforeProcessingInitializeOnLoad (131ms)
				ProcessInitializeOnLoadAttributes (299ms)
				ProcessInitializeOnLoadMethodAttributes (29ms)
				AfterProcessingInitializeOnLoad (7ms)
				EditorAssembliesLoaded (0ms)
			ExecutionOrderSort2 (0ms)
			AwakeInstancesAfterBackupRestoration (5ms)
Platform modules already initialized, skipping
========================================================================
Worker process is ready to serve import requests
Launched and connected shader compiler UnityShaderCompiler.exe after 0.06 seconds
Refreshing native plugins compatible for Editor in 2.88 ms, found 9 plugins.
Preloading 0 native plugins for Editor in 0.00 ms.
Unloading 4543 Unused Serialized files (Serialized files now loaded: 0)
Unloading 51 unused Assets / (159.4 KB). Loaded Objects now: 4985.
Memory consumption went from 155.2 MB to 155.0 MB.
Total: 4.463700 ms (FindLiveObjects: 0.422400 ms CreateObjectMapping: 0.325900 ms MarkObjects: 3.550200 ms  DeleteObjects: 0.163700 ms)

AssetImportParameters requested are different than current active one (requested -> active):
  custom:video-decoder-ogg-theora: a1e56fd34408186e4bbccfd4996cb3dc -> 
  custom:container-muxer-webm: aa71ff27fc2769a1b78a27578f13a17b -> 
  custom:container-demuxer-webm: 4f35f7cbe854078d1ac9338744f61a02 -> 
  custom:video-encoder-webm-vp8: eb34c28f22e8b96e1ab97ce403110664 -> 
  custom:video-codec-MediaFoundation-h265: 746d11721c4dcdbdad8f713fa42b33f4 -> 
  custom:audio-encoder-webm-vorbis: bf7c407c2cedff20999df2af8eb42d56 -> 
  custom:framework-win-MediaFoundation: 216162199b28c13a410421893ffa2e32 -> 
  custom:container-demuxer-ogg: 62fdf1f143b41e24485cea50d1cbac27 -> 
  custom:video-decoder-webm-vp8: 9c59270c3fd7afecdb556c50c9e8de78 -> 
  custom:audio-decoder-ogg-vorbis: bf7c407c2cedff20999df2af8eb42d56 -> 
========================================================================
Received Import Request.
  Time since last request: 77934.858218 seconds.
  path: Assets/Mess Maker Free/Prefabs/Low Poly/Cans/Soda Can Orange Crushed.prefab
  artifactKey: Guid(aa391fa7c7d49314785fa3f647c03048) Importer(815301076,1909f56bfc062723c751e8b465ee728b)
Start importing Assets/Mess Maker Free/Prefabs/Low Poly/Cans/Soda Can Orange Crushed.prefab using Guid(aa391fa7c7d49314785fa3f647c03048) Importer(815301076,1909f56bfc062723c751e8b465ee728b)  -> (artifact id: '6d7055b7926aeda053c65ec9a5c916c1') in 0.123513 seconds 
========================================================================
Received Import Request.
  Time since last request: 74.658410 seconds.
  path: Assets/Mess Maker Free/Prefabs/Low Poly/Porcelin and Pottery/Broken Pottery 2.prefab
  artifactKey: Guid(92d7833af3c71c04e99615a4db4adfeb) Importer(815301076,1909f56bfc062723c751e8b465ee728b)
Start importing Assets/Mess Maker Free/Prefabs/Low Poly/Porcelin and Pottery/Broken Pottery 2.prefab using Guid(92d7833af3c71c04e99615a4db4adfeb) Importer(815301076,1909f56bfc062723c751e8b465ee728b)  -> (artifact id: 'ace30a27b14ad0631f1f1132dbf11d7e') in 0.020640 seconds 
========================================================================
Received Import Request.
  Time since last request: 0.002857 seconds.
  path: Assets/Mess Maker Free/Prefabs/Low Poly/Porcelin and Pottery/Broken Pottery.prefab
  artifactKey: Guid(152f887076ab7244295e8dab774c605e) Importer(815301076,1909f56bfc062723c751e8b465ee728b)
Start importing Assets/Mess Maker Free/Prefabs/Low Poly/Porcelin and Pottery/Broken Pottery.prefab using Guid(152f887076ab7244295e8dab774c605e) Importer(815301076,1909f56bfc062723c751e8b465ee728b)  -> (artifact id: 'da3b7ccf6da76bdf2a3b14e6c4da8c24') in 0.016560 seconds 
========================================================================
Received Import Request.
  Time since last request: 0.000020 seconds.
  path: Assets/Mess Maker Free/Prefabs/Low Poly/Porcelin and Pottery/Wine Glass.prefab
  artifactKey: Guid(20015f6b666c370449474a2775a04479) Importer(815301076,1909f56bfc062723c751e8b465ee728b)
Start importing Assets/Mess Maker Free/Prefabs/Low Poly/Porcelin and Pottery/Wine Glass.prefab using Guid(20015f6b666c370449474a2775a04479) Importer(815301076,1909f56bfc062723c751e8b465ee728b)  -> (artifact id: 'c340e8725044c269fa900a59e032ba79') in 0.019510 seconds 
========================================================================
Received Import Request.
  Time since last request: 0.000043 seconds.
  path: Assets/Mess Maker Free/Prefabs/Low Poly/Porcelin and Pottery/Mug Wood.prefab
  artifactKey: Guid(b62255c42ea48f04aa1f23b246142d99) Importer(815301076,1909f56bfc062723c751e8b465ee728b)
Start importing Assets/Mess Maker Free/Prefabs/Low Poly/Porcelin and Pottery/Mug Wood.prefab using Guid(b62255c42ea48f04aa1f23b246142d99) Importer(815301076,1909f56bfc062723c751e8b465ee728b)  -> (artifact id: '9203a7e5f887703f75126a8da98a1042') in 0.016589 seconds 
========================================================================
Received Import Request.
  Time since last request: 0.000033 seconds.
  path: Assets/Mess Maker Free/Prefabs/Low Poly/Porcelin and Pottery/Mug White.prefab
  artifactKey: Guid(f40a62fcb2acbf8409aee9456b5d86c0) Importer(815301076,1909f56bfc062723c751e8b465ee728b)
Start importing Assets/Mess Maker Free/Prefabs/Low Poly/Porcelin and Pottery/Mug White.prefab using Guid(f40a62fcb2acbf8409aee9456b5d86c0) Importer(815301076,1909f56bfc062723c751e8b465ee728b)  -> (artifact id: '9a84867316dbf2feb3cfe382bdf0be67') in 0.015237 seconds 
========================================================================
Received Import Request.
  Time since last request: 0.000029 seconds.
  path: Assets/Mess Maker Free/Prefabs/Low Poly/Porcelin and Pottery/Pint Glass.prefab
  artifactKey: Guid(f0c34ecd5a4753b4d90d4d34e6946b5b) Importer(815301076,1909f56bfc062723c751e8b465ee728b)
Start importing Assets/Mess Maker Free/Prefabs/Low Poly/Porcelin and Pottery/Pint Glass.prefab using Guid(f0c34ecd5a4753b4d90d4d34e6946b5b) Importer(815301076,1909f56bfc062723c751e8b465ee728b)  -> (artifact id: '579ccf18b75a50d7ad3ed52d4eb949f6') in 0.015094 seconds 
========================================================================
Received Import Request.
  Time since last request: 15.249185 seconds.
  path: Assets/Mess Maker Free/Templates/Materials/Soda Can Blank.mat
  artifactKey: Guid(49e802d6615f15e4b8efa764767744f4) Importer(815301076,1909f56bfc062723c751e8b465ee728b)
Start importing Assets/Mess Maker Free/Templates/Materials/Soda Can Blank.mat using Guid(49e802d6615f15e4b8efa764767744f4) Importer(815301076,1909f56bfc062723c751e8b465ee728b)  -> (artifact id: '117e6ae19a058f4b9416d0c3f786da11') in 0.033410 seconds 
========================================================================
Received Import Request.
  Time since last request: 0.000029 seconds.
  path: Assets/Mess Maker Free/Templates/Materials/Wine Label Blank.mat
  artifactKey: Guid(b6a9f8c61f0eb1f4988bc52aac9d42cb) Importer(815301076,1909f56bfc062723c751e8b465ee728b)
Start importing Assets/Mess Maker Free/Templates/Materials/Wine Label Blank.mat using Guid(b6a9f8c61f0eb1f4988bc52aac9d42cb) Importer(815301076,1909f56bfc062723c751e8b465ee728b)  -> (artifact id: '19266292e58904d97fc0af632c385910') in 0.013865 seconds 
========================================================================
Received Import Request.
  Time since last request: 10.630463 seconds.
  path: Assets/Mess Maker Free/Scenes/All Assets SampleScene/Lightmap-0_comp_shadowmask.png
  artifactKey: Guid(b7a97f51e3793364393c8a36d2b47f16) Importer(815301076,1909f56bfc062723c751e8b465ee728b)
Start importing Assets/Mess Maker Free/Scenes/All Assets SampleScene/Lightmap-0_comp_shadowmask.png using Guid(b7a97f51e3793364393c8a36d2b47f16) Importer(815301076,1909f56bfc062723c751e8b465ee728b)  -> (artifact id: 'ddc4193bbbf6d355981ed25c633c753a') in 0.028498 seconds 
========================================================================
Received Prepare
Registering precompiled user dll's ...
Registered in 0.009898 seconds.
Begin MonoManager ReloadAssembly
Symbol file LoadedFromMemory doesn't match image C:\Users\mundu\ArDemo\EnvironmentalImpactVisulizer\EnviromentalDemo\Library\PackageCache\com.unity.visualscripting@1.7.8\Editor\VisualScripting.Core\Dependencies\DotNetZip\Unity.VisualScripting.IonicZip.dll
Symbol file LoadedFromMemory doesn't match image C:\Users\mundu\ArDemo\EnvironmentalImpactVisulizer\EnviromentalDemo\Library\PackageCache\com.unity.visualscripting@1.7.8\Editor\VisualScripting.Core\Dependencies\YamlDotNet\Unity.VisualScripting.YamlDotNet.dll
Native extension for WindowsStandalone target not found
Native extension for Android target not found
Refreshing native plugins compatible for Editor in 1.04 ms, found 9 plugins.
Preloading 0 native plugins for Editor in 0.00 ms.
Mono: successfully reloaded assembly
- Completed reload, in  1.211 seconds
Domain Reload Profiling:
	ReloadAssembly (1212ms)
		BeginReloadAssembly (159ms)
			ExecutionOrderSort (0ms)
			DisableScriptedObjects (4ms)
			BackupInstance (0ms)
			ReleaseScriptingObjects (0ms)
			CreateAndSetChildDomain (63ms)
		EndReloadAssembly (954ms)
			LoadAssemblies (95ms)
			RebuildTransferFunctionScriptingTraits (0ms)
			SetupTypeCache (305ms)
			ReleaseScriptCaches (2ms)
			RebuildScriptCaches (39ms)
			SetupLoadedEditorAssemblies (454ms)
				LogAssemblyErrors (0ms)
				InitializePlatformSupportModulesInManaged (22ms)
				SetLoadedEditorAssemblies (0ms)
				RefreshPlugins (1ms)
				BeforeProcessingInitializeOnLoad (96ms)
				ProcessInitializeOnLoadAttributes (294ms)
				ProcessInitializeOnLoadMethodAttributes (33ms)
				AfterProcessingInitializeOnLoad (8ms)
				EditorAssembliesLoaded (0ms)
			ExecutionOrderSort2 (0ms)
			AwakeInstancesAfterBackupRestoration (6ms)
Platform modules already initialized, skipping
Refreshing native plugins compatible for Editor in 5.93 ms, found 9 plugins.
Preloading 0 native plugins for Editor in 0.00 ms.
Unloading 4523 Unused Serialized files (Serialized files now loaded: 0)
Unloading 41 unused Assets / (126.6 KB). Loaded Objects now: 5030.
Memory consumption went from 159.3 MB to 159.2 MB.
Total: 4.211000 ms (FindLiveObjects: 0.403800 ms CreateObjectMapping: 0.156000 ms MarkObjects: 3.528900 ms  DeleteObjects: 0.121500 ms)

AssetImportParameters requested are different than current active one (requested -> active):
  custom:video-decoder-ogg-theora: a1e56fd34408186e4bbccfd4996cb3dc -> 
  custom:container-muxer-webm: aa71ff27fc2769a1b78a27578f13a17b -> 
  custom:container-demuxer-webm: 4f35f7cbe854078d1ac9338744f61a02 -> 
  custom:video-encoder-webm-vp8: eb34c28f22e8b96e1ab97ce403110664 -> 
  custom:video-codec-MediaFoundation-h265: 746d11721c4dcdbdad8f713fa42b33f4 -> 
  custom:audio-encoder-webm-vorbis: bf7c407c2cedff20999df2af8eb42d56 -> 
  custom:framework-win-MediaFoundation: 216162199b28c13a410421893ffa2e32 -> 
  custom:container-demuxer-ogg: 62fdf1f143b41e24485cea50d1cbac27 -> 
  custom:video-decoder-webm-vp8: 9c59270c3fd7afecdb556c50c9e8de78 -> 
  custom:audio-decoder-ogg-vorbis: bf7c407c2cedff20999df2af8eb42d56 -> 
Editor requested this worker to shutdown with reason: Scaling down because of idle timeout
AssetImportWorker is now disconnected from the server
Process exiting
Exiting without the bug reporter. Application will terminate with return code 0